<?xml version="1.0" encoding="UTF-8"?>
<coverage generated="1599159294757" clover="3.2.0">
  <project timestamp="1599159294757" name="All files">
    <metrics statements="21" coveredstatements="21" conditionals="4" coveredconditionals="4" methods="12" coveredmethods="12" elements="37" coveredelements="37" complexity="0" loc="21" ncloc="21" packages="2" files="3" classes="3"/>
    <package name="src">
      <metrics statements="3" coveredstatements="3" conditionals="0" coveredconditionals="0" methods="1" coveredmethods="1"/>
      <file name="main.js" path="C:\projects\cypress-laracast-vue-testing\src\main.js">
        <metrics statements="3" coveredstatements="3" conditionals="0" coveredconditionals="0" methods="1" coveredmethods="1"/>
        <line num="4" count="4" type="stmt"/>
        <line num="6" count="4" type="stmt"/>
        <line num="8" count="4" type="stmt"/>
      </file>
    </package>
    <package name="src.components">
      <metrics statements="18" coveredstatements="18" conditionals="4" coveredconditionals="4" methods="11" coveredmethods="11"/>
      <file name="Countdown.vue" path="C:\projects\cypress-laracast-vue-testing\src\components\Countdown.vue">
        <metrics statements="9" coveredstatements="9" conditionals="2" coveredconditionals="2" methods="5" coveredmethods="5"/>
        <line num="30" count="27" type="stmt"/>
        <line num="36" count="47" type="stmt"/>
        <line num="39" count="173" type="stmt"/>
        <line num="40" count="173" type="stmt"/>
        <line num="44" count="27" type="stmt"/>
        <line num="45" count="146" type="stmt"/>
        <line num="46" count="146" type="cond" truecount="2" falsecount="0"/>
        <line num="47" count="14" type="stmt"/>
        <line num="48" count="14" type="stmt"/>
      </file>
      <file name="CountdownAlternate.vue" path="C:\projects\cypress-laracast-vue-testing\src\components\CountdownAlternate.vue">
        <metrics statements="9" coveredstatements="9" conditionals="2" coveredconditionals="2" methods="6" coveredmethods="6"/>
        <line num="30" count="27" type="stmt"/>
        <line num="36" count="47" type="stmt"/>
        <line num="39" count="47" type="stmt"/>
        <line num="40" count="47" type="cond" truecount="2" falsecount="0"/>
        <line num="41" count="14" type="stmt"/>
        <line num="43" count="47" type="stmt"/>
        <line num="47" count="27" type="stmt"/>
        <line num="48" count="156" type="stmt"/>
        <line num="50" count="41" type="stmt"/>
      </file>
    </package>
  </project>
</coverage>
