{"C:\\projects\\cypress-laracast-vue-testing\\src\\main.js": {"path":"C:\\projects\\cypress-laracast-vue-testing\\src\\main.js","statementMap":{"0":{"start":{"line":4,"column":0},"end":{"line":4,"column":32}},"1":{"start":{"line":6,"column":0},"end":{"line":10,"column":17}},"2":{"start":{"line":8,"column":4},"end":{"line":8,"column":17}}},"fnMap":{"0":{"name":"(anonymous_0)","decl":{"start":{"line":7,"column":10},"end":{"line":7,"column":11}},"loc":{"start":{"line":7,"column":23},"end":{"line":9,"column":3}},"line":7}},"branchMap":{},"s":{"0":4,"1":4,"2":4},"f":{"0":4},"b":{},"_coverageSchema":"1a1c01bbd47fc00a2c39e90264f33305004495a9","hash":"a50058d5f83b51efafd673a3583228811781e669"}
,"C:\\projects\\cypress-laracast-vue-testing\\src\\components\\Countdown.vue": {"path":"C:\\projects\\cypress-laracast-vue-testing\\src\\components\\Countdown.vue","statementMap":{"0":{"start":{"line":30,"column":0},"end":{"line":32,"column":null}},"1":{"start":{"line":36,"column":0},"end":{"line":36,"column":null}},"2":{"start":{"line":39,"column":0},"end":{"line":39,"column":null}},"3":{"start":{"line":40,"column":0},"end":{"line":40,"column":null}},"4":{"start":{"line":44,"column":0},"end":{"line":50,"column":null}},"5":{"start":{"line":45,"column":0},"end":{"line":45,"column":null}},"6":{"start":{"line":46,"column":0},"end":{"line":49,"column":null}},"7":{"start":{"line":47,"column":0},"end":{"line":47,"column":null}},"8":{"start":{"line":48,"column":0},"end":{"line":48,"column":null}}},"fnMap":{"0":{"name":"(anonymous_0)","decl":{"start":{"line":29,"column":0},"end":{"line":29,"column":null}},"loc":{"start":{"line":29,"column":0},"end":{"line":33,"column":null}}},"1":{"name":"(anonymous_1)","decl":{"start":{"line":35,"column":0},"end":{"line":35,"column":null}},"loc":{"start":{"line":35,"column":0},"end":{"line":37,"column":null}}},"2":{"name":"(anonymous_2)","decl":{"start":{"line":38,"column":0},"end":{"line":38,"column":null}},"loc":{"start":{"line":38,"column":0},"end":{"line":41,"column":null}}},"3":{"name":"(anonymous_3)","decl":{"start":{"line":43,"column":0},"end":{"line":43,"column":null}},"loc":{"start":{"line":43,"column":0},"end":{"line":51,"column":null}}},"4":{"name":"(anonymous_4)","decl":{"start":{"line":44,"column":0},"end":{"line":44,"column":null}},"loc":{"start":{"line":44,"column":0},"end":{"line":50,"column":null}}}},"branchMap":{"0":{"loc":{"start":{"line":46,"column":0},"end":{"line":49,"column":null}},"type":"if","locations":[{"start":{"line":46,"column":0},"end":{"line":49,"column":null}},{"start":{"line":46,"column":0},"end":{"line":49,"column":null}}]}},"s":{"0":27,"1":47,"2":173,"3":173,"4":27,"5":146,"6":146,"7":14,"8":14},"f":{"0":27,"1":47,"2":173,"3":27,"4":146},"b":{"0":[14,132]}}
,"C:\\projects\\cypress-laracast-vue-testing\\src\\components\\CountdownAlternate.vue": {"path":"C:\\projects\\cypress-laracast-vue-testing\\src\\components\\CountdownAlternate.vue","statementMap":{"0":{"start":{"line":30,"column":0},"end":{"line":32,"column":null}},"1":{"start":{"line":36,"column":0},"end":{"line":36,"column":null}},"2":{"start":{"line":39,"column":0},"end":{"line":39,"column":null}},"3":{"start":{"line":40,"column":0},"end":{"line":42,"column":null}},"4":{"start":{"line":41,"column":0},"end":{"line":41,"column":null}},"5":{"start":{"line":43,"column":0},"end":{"line":43,"column":null}},"6":{"start":{"line":47,"column":0},"end":{"line":49,"column":null}},"7":{"start":{"line":48,"column":0},"end":{"line":48,"column":null}},"8":{"start":{"line":50,"column":0},"end":{"line":50,"column":null}}},"fnMap":{"0":{"name":"(anonymous_0)","decl":{"start":{"line":29,"column":0},"end":{"line":29,"column":null}},"loc":{"start":{"line":29,"column":0},"end":{"line":33,"column":null}}},"1":{"name":"(anonymous_1)","decl":{"start":{"line":35,"column":0},"end":{"line":35,"column":null}},"loc":{"start":{"line":35,"column":0},"end":{"line":37,"column":null}}},"2":{"name":"(anonymous_2)","decl":{"start":{"line":38,"column":0},"end":{"line":38,"column":null}},"loc":{"start":{"line":38,"column":0},"end":{"line":44,"column":null}}},"3":{"name":"(anonymous_3)","decl":{"start":{"line":46,"column":0},"end":{"line":46,"column":null}},"loc":{"start":{"line":46,"column":0},"end":{"line":51,"column":null}}},"4":{"name":"(anonymous_4)","decl":{"start":{"line":47,"column":0},"end":{"line":47,"column":null}},"loc":{"start":{"line":47,"column":0},"end":{"line":49,"column":null}}},"5":{"name":"(anonymous_5)","decl":{"start":{"line":50,"column":0},"end":{"line":50,"column":null}},"loc":{"start":{"line":50,"column":0},"end":{"line":50,"column":null}}}},"branchMap":{"0":{"loc":{"start":{"line":40,"column":0},"end":{"line":42,"column":null}},"type":"if","locations":[{"start":{"line":40,"column":0},"end":{"line":42,"column":null}},{"start":{"line":40,"column":0},"end":{"line":42,"column":null}}]}},"s":{"0":27,"1":47,"2":47,"3":47,"4":14,"5":47,"6":27,"7":156,"8":41},"f":{"0":27,"1":47,"2":47,"3":27,"4":156,"5":14},"b":{"0":[14,33]}}
}
