TN:
SF:src\main.js
FN:7,(anonymous_0)
FNF:1
FNH:1
FNDA:4,(anonymous_0)
DA:4,4
DA:6,4
DA:8,4
LF:3
LH:3
BRF:0
BRH:0
end_of_record
TN:
SF:src\components\Countdown.vue
FN:29,(anonymous_0)
FN:35,(anonymous_1)
FN:38,(anonymous_2)
FN:43,(anonymous_3)
FN:44,(anonymous_4)
FNF:5
FNH:5
FNDA:27,(anonymous_0)
FNDA:47,(anonymous_1)
FNDA:173,(anonymous_2)
FNDA:27,(anonymous_3)
FNDA:146,(anonymous_4)
DA:30,27
DA:36,47
DA:39,173
DA:40,173
DA:44,27
DA:45,146
DA:46,146
DA:47,14
DA:48,14
LF:9
LH:9
BRDA:46,0,0,14
BRDA:46,0,1,132
BRF:2
BRH:2
end_of_record
TN:
SF:src\components\CountdownAlternate.vue
FN:29,(anonymous_0)
FN:35,(anonymous_1)
FN:38,(anonymous_2)
FN:46,(anonymous_3)
FN:47,(anonymous_4)
FN:50,(anonymous_5)
FNF:6
FNH:6
FNDA:27,(anonymous_0)
FNDA:47,(anonymous_1)
FNDA:47,(anonymous_2)
FNDA:27,(anonymous_3)
FNDA:156,(anonymous_4)
FNDA:14,(anonymous_5)
DA:30,27
DA:36,47
DA:39,47
DA:40,47
DA:41,14
DA:43,47
DA:47,27
DA:48,156
DA:50,41
LF:9
LH:9
BRDA:40,0,0,14
BRDA:40,0,1,33
BRF:2
BRH:2
end_of_record
